#
# There is insufficient memory for the Java Runtime Environment to continue.
# Native memory allocation (malloc) failed to allocate 67600 bytes. Error detail: Chunk::new
# Possible reasons:
#   The system is out of physical RAM or swap space
#   This process is running with CompressedOops enabled, and the Java Heap may be blocking the growth of the native heap
# Possible solutions:
#   Reduce memory load on the system
#   Increase physical memory or swap space
#   Check if swap backing store is full
#   Decrease Java heap size (-Xmx/-Xms)
#   Decrease number of Java threads
#   Decrease Java thread stack sizes (-Xss)
#   Set larger code cache with -XX:ReservedCodeCacheSize=
#   JVM is running with Unscaled Compressed Oops mode in which the Java heap is
#     placed in the first 4GB address space. The Java Heap base address is the
#     maximum limit for the native heap growth. Please use -XX:HeapBaseMinAddress
#     to set the Java Heap base and to place the Java Heap above 4GB virtual address.
# This output file may be truncated or incomplete.
#
#  Out of Memory Error (arena.cpp:168), pid=32616, tid=16588
#
# JRE version: OpenJDK Runtime Environment Corretto-21.0.3.9.1 (21.0.3+9) (build 21.0.3+9-LTS)
# Java VM: OpenJDK 64-Bit Server VM Corretto-21.0.3.9.1 (21.0.3+9-LTS, mixed mode, sharing, tiered, compressed oops, compressed class ptrs, g1 gc, windows-amd64)
# No core dump will be written. Minidumps are not enabled by default on client versions of Windows
#

---------------  S U M M A R Y ------------

Command Line: -Xmx64m -Xms64m -javaagent:C:/oit/isdev24-byod/gradle-8.10/lib/agents/gradle-instrumentation-agent-8.10.jar -Dfile.encoding=utf-8 -Dorg.gradle.appname=gradle -Dfile.encoding=SHIFT-JIS org.gradle.launcher.GradleMain bootrun

Host: Intel(R) Core(TM) i5-8265U CPU @ 1.60GHz, 8 cores, 7G,  Windows 11 , 64 bit Build 22621 (10.0.22621.4391)
Time: Tue Dec 10 13:47:44 2024  Windows 11 , 64 bit Build 22621 (10.0.22621.4391) elapsed time: 28.628786 seconds (0d 0h 0m 28s)

---------------  T H R E A D  ---------------

Current thread (0x00000245daf3efa0):  JavaThread "C2 CompilerThread0" daemon [_thread_in_native, id=16588, stack(0x000000b081b00000,0x000000b081c00000) (1024K)]


Current CompileTask:
C2:  28628 2141       4       org.gradle.internal.serialize.kryo.KryoBackedDecoder::readString (5 bytes)

Stack: [0x000000b081b00000,0x000000b081c00000]
Native frames: (J=compiled Java code, j=interpreted, Vv=VM code, C=native code)
V  [jvm.dll+0x6d4fa9]
V  [jvm.dll+0x8b01c3]
V  [jvm.dll+0x8b251e]
V  [jvm.dll+0x8b2c03]
V  [jvm.dll+0x284fb6]
V  [jvm.dll+0xc5ffd]
V  [jvm.dll+0xc6533]
V  [jvm.dll+0x14114f]
V  [jvm.dll+0x65d8e2]
V  [jvm.dll+0x6623cb]
V  [jvm.dll+0x24d38f]
V  [jvm.dll+0x24cae1]
V  [jvm.dll+0x1cbd64]
V  [jvm.dll+0x25c059]
V  [jvm.dll+0x25a60b]
V  [jvm.dll+0x3f6976]
V  [jvm.dll+0x859258]
V  [jvm.dll+0x6d37ed]
C  [ucrtbase.dll+0x29333]
C  [KERNEL32.DLL+0x1259d]
C  [ntdll.dll+0x5af38]


---------------  P R O C E S S  ---------------

Threads class SMR info:
_java_thread_list=0x0000024620da3150, length=12, elements={
0x00000245be8758c0, 0x00000245daf0c4e0, 0x00000245daf0d040, 0x00000245daf10b10,
0x00000245daf11780, 0x00000245daf33e50, 0x00000245daf11fa0, 0x00000245daf3efa0,
0x00000245daf42d00, 0x00000245c0af3c80, 0x0000024620200bf0, 0x0000024620d78370
}

Java Threads: ( => current thread )
  0x00000245be8758c0 JavaThread "main"                              [_thread_blocked, id=37308, stack(0x000000b080d00000,0x000000b080e00000) (1024K)]
  0x00000245daf0c4e0 JavaThread "Reference Handler"          daemon [_thread_blocked, id=36716, stack(0x000000b081500000,0x000000b081600000) (1024K)]
  0x00000245daf0d040 JavaThread "Finalizer"                  daemon [_thread_blocked, id=37444, stack(0x000000b081600000,0x000000b081700000) (1024K)]
  0x00000245daf10b10 JavaThread "Signal Dispatcher"          daemon [_thread_blocked, id=42472, stack(0x000000b081700000,0x000000b081800000) (1024K)]
  0x00000245daf11780 JavaThread "Attach Listener"            daemon [_thread_blocked, id=4028, stack(0x000000b081800000,0x000000b081900000) (1024K)]
  0x00000245daf33e50 JavaThread "Service Thread"             daemon [_thread_blocked, id=41788, stack(0x000000b081900000,0x000000b081a00000) (1024K)]
  0x00000245daf11fa0 JavaThread "Monitor Deflation Thread"   daemon [_thread_blocked, id=36276, stack(0x000000b081a00000,0x000000b081b00000) (1024K)]
=>0x00000245daf3efa0 JavaThread "C2 CompilerThread0"         daemon [_thread_in_native, id=16588, stack(0x000000b081b00000,0x000000b081c00000) (1024K)]
  0x00000245daf42d00 JavaThread "C1 CompilerThread0"         daemon [_thread_blocked, id=26640, stack(0x000000b081c00000,0x000000b081d00000) (1024K)]
  0x00000245c0af3c80 JavaThread "Common-Cleaner"             daemon [_thread_blocked, id=23692, stack(0x000000b081d00000,0x000000b081e00000) (1024K)]
  0x0000024620200bf0 JavaThread "Notification Thread"        daemon [_thread_blocked, id=42684, stack(0x000000b081e00000,0x000000b081f00000) (1024K)]
  0x0000024620d78370 JavaThread "pool-1-thread-1"                   [_thread_in_native, id=15268, stack(0x000000b082200000,0x000000b082300000) (1024K)]
Total: 12

Other Threads:
  0x00000245c0b0df80 VMThread "VM Thread"                           [id=31888, stack(0x000000b081400000,0x000000b081500000) (1024K)]
  0x00000245daefda20 WatcherThread "VM Periodic Task Thread"        [id=39580, stack(0x000000b081300000,0x000000b081400000) (1024K)]
  0x00000245c0a7a350 WorkerThread "GC Thread#0"                     [id=19244, stack(0x000000b080e00000,0x000000b080f00000) (1024K)]
  0x0000024620b10840 WorkerThread "GC Thread#1"                     [id=28084, stack(0x000000b081f00000,0x000000b082000000) (1024K)]
  0x000002462053b010 WorkerThread "GC Thread#2"                     [id=23616, stack(0x000000b082000000,0x000000b082100000) (1024K)]
  0x000002462053b3b0 WorkerThread "GC Thread#3"                     [id=14480, stack(0x000000b082100000,0x000000b082200000) (1024K)]
  0x0000024620285100 WorkerThread "GC Thread#4"                     [id=19564, stack(0x000000b082400000,0x000000b082500000) (1024K)]
  0x00000246201fbcb0 WorkerThread "GC Thread#5"                     [id=42020, stack(0x000000b082500000,0x000000b082600000) (1024K)]
  0x00000246201fc460 WorkerThread "GC Thread#6"                     [id=36856, stack(0x000000b082600000,0x000000b082700000) (1024K)]
  0x00000246201fc800 WorkerThread "GC Thread#7"                     [id=18292, stack(0x000000b082700000,0x000000b082800000) (1024K)]
  0x00000245c0a7ba40 ConcurrentGCThread "G1 Main Marker"            [id=41912, stack(0x000000b080f00000,0x000000b081000000) (1024K)]
  0x00000245c0a7c450 WorkerThread "G1 Conc#0"                       [id=10576, stack(0x000000b081000000,0x000000b081100000) (1024K)]
  0x00000245c0ae55b0 ConcurrentGCThread "G1 Refine#0"               [id=12640, stack(0x000000b081100000,0x000000b081200000) (1024K)]
  0x00000245c0ae6030 ConcurrentGCThread "G1 Service"                [id=38080, stack(0x000000b081200000,0x000000b081300000) (1024K)]
Total: 14

Threads with active compile tasks:
C2 CompilerThread0    28677 2141       4       org.gradle.internal.serialize.kryo.KryoBackedDecoder::readString (5 bytes)
Total: 1

VM state: not at safepoint (normal execution)

VM Mutex/Monitor currently owned by a thread: None

Heap address: 0x00000000fc000000, size: 64 MB, Compressed Oops mode: 32-bit

CDS archive(s) mapped at: [0x00000245db000000-0x00000245dbc90000-0x00000245dbc90000), size 13172736, SharedBaseAddress: 0x00000245db000000, ArchiveRelocationMode: 1.
Compressed class space mapped at: 0x00000245dc000000-0x000002461c000000, reserved size: 1073741824
Narrow klass base: 0x00000245db000000, Narrow klass shift: 0, Narrow klass range: 0x100000000

GC Precious Log:
 CardTable entry size: 512
 Card Set container configuration: InlinePtr #cards 5 size 8 Array Of Cards #cards 12 size 40 Howl #buckets 4 coarsen threshold 1843 Howl Bitmap #cards 512 size 80 coarsen threshold 460 Card regions per heap region 1 cards per card region 2048
 CPUs: 8 total, 8 available
 Memory: 8037M
 Large Page Support: Disabled
 NUMA Support: Disabled
 Compressed Oops: Enabled (32-bit)
 Heap Region Size: 1M
 Heap Min Capacity: 64M
 Heap Initial Capacity: 64M
 Heap Max Capacity: 64M
 Pre-touch: Disabled
 Parallel Workers: 8
 Concurrent Workers: 2
 Concurrent Refinement Workers: 8
 Periodic GC: Disabled

Heap:
 garbage-first heap   total 65536K, used 20261K [0x00000000fc000000, 0x0000000100000000)
  region size 1024K, 11 young (11264K), 3 survivors (3072K)
 Metaspace       used 10107K, committed 10496K, reserved 1114112K
  class space    used 1315K, committed 1536K, reserved 1048576K

Heap Regions: E=young(eden), S=young(survivor), O=old, HS=humongous(starts), HC=humongous(continues), CS=collection set, F=free, TAMS=top-at-mark-start, PB=parsable bottom
|   0|0x00000000fc000000, 0x00000000fc100000, 0x00000000fc100000|100%|HS|  |TAMS 0x00000000fc000000| PB 0x00000000fc000000| Complete 
|   1|0x00000000fc100000, 0x00000000fc200000, 0x00000000fc200000|100%|HC|  |TAMS 0x00000000fc100000| PB 0x00000000fc100000| Complete 
|   2|0x00000000fc200000, 0x00000000fc300000, 0x00000000fc300000|100%|HC|  |TAMS 0x00000000fc200000| PB 0x00000000fc200000| Complete 
|   3|0x00000000fc300000, 0x00000000fc400000, 0x00000000fc400000|100%|HC|  |TAMS 0x00000000fc300000| PB 0x00000000fc300000| Complete 
|   4|0x00000000fc400000, 0x00000000fc500000, 0x00000000fc500000|100%| O|  |TAMS 0x00000000fc400000| PB 0x00000000fc400000| Untracked 
|   5|0x00000000fc500000, 0x00000000fc600000, 0x00000000fc600000|100%| O|  |TAMS 0x00000000fc500000| PB 0x00000000fc500000| Untracked 
|   6|0x00000000fc600000, 0x00000000fc700000, 0x00000000fc700000|100%| O|  |TAMS 0x00000000fc600000| PB 0x00000000fc600000| Untracked 
|   7|0x00000000fc700000, 0x00000000fc800000, 0x00000000fc800000|100%| O|  |TAMS 0x00000000fc700000| PB 0x00000000fc700000| Untracked 
|   8|0x00000000fc800000, 0x00000000fc900000, 0x00000000fc900000|100%| O|  |TAMS 0x00000000fc800000| PB 0x00000000fc800000| Untracked 
|   9|0x00000000fc900000, 0x00000000fca00000, 0x00000000fca00000|100%| O|  |TAMS 0x00000000fc900000| PB 0x00000000fc900000| Untracked 
|  10|0x00000000fca00000, 0x00000000fca196b0, 0x00000000fcb00000|  9%| O|  |TAMS 0x00000000fca00000| PB 0x00000000fca00000| Untracked 
|  11|0x00000000fcb00000, 0x00000000fcb00000, 0x00000000fcc00000|  0%| F|  |TAMS 0x00000000fcb00000| PB 0x00000000fcb00000| Untracked 
|  12|0x00000000fcc00000, 0x00000000fcc00000, 0x00000000fcd00000|  0%| F|  |TAMS 0x00000000fcc00000| PB 0x00000000fcc00000| Untracked 
|  13|0x00000000fcd00000, 0x00000000fcd00000, 0x00000000fce00000|  0%| F|  |TAMS 0x00000000fcd00000| PB 0x00000000fcd00000| Untracked 
|  14|0x00000000fce00000, 0x00000000fce00000, 0x00000000fcf00000|  0%| F|  |TAMS 0x00000000fce00000| PB 0x00000000fce00000| Untracked 
|  15|0x00000000fcf00000, 0x00000000fcf00000, 0x00000000fd000000|  0%| F|  |TAMS 0x00000000fcf00000| PB 0x00000000fcf00000| Untracked 
|  16|0x00000000fd000000, 0x00000000fd000000, 0x00000000fd100000|  0%| F|  |TAMS 0x00000000fd000000| PB 0x00000000fd000000| Untracked 
|  17|0x00000000fd100000, 0x00000000fd100000, 0x00000000fd200000|  0%| F|  |TAMS 0x00000000fd100000| PB 0x00000000fd100000| Untracked 
|  18|0x00000000fd200000, 0x00000000fd200000, 0x00000000fd300000|  0%| F|  |TAMS 0x00000000fd200000| PB 0x00000000fd200000| Untracked 
|  19|0x00000000fd300000, 0x00000000fd300000, 0x00000000fd400000|  0%| F|  |TAMS 0x00000000fd300000| PB 0x00000000fd300000| Untracked 
|  20|0x00000000fd400000, 0x00000000fd400000, 0x00000000fd500000|  0%| F|  |TAMS 0x00000000fd400000| PB 0x00000000fd400000| Untracked 
|  21|0x00000000fd500000, 0x00000000fd500000, 0x00000000fd600000|  0%| F|  |TAMS 0x00000000fd500000| PB 0x00000000fd500000| Untracked 
|  22|0x00000000fd600000, 0x00000000fd600000, 0x00000000fd700000|  0%| F|  |TAMS 0x00000000fd600000| PB 0x00000000fd600000| Untracked 
|  23|0x00000000fd700000, 0x00000000fd700000, 0x00000000fd800000|  0%| F|  |TAMS 0x00000000fd700000| PB 0x00000000fd700000| Untracked 
|  24|0x00000000fd800000, 0x00000000fd800000, 0x00000000fd900000|  0%| F|  |TAMS 0x00000000fd800000| PB 0x00000000fd800000| Untracked 
|  25|0x00000000fd900000, 0x00000000fd900000, 0x00000000fda00000|  0%| F|  |TAMS 0x00000000fd900000| PB 0x00000000fd900000| Untracked 
|  26|0x00000000fda00000, 0x00000000fda00000, 0x00000000fdb00000|  0%| F|  |TAMS 0x00000000fda00000| PB 0x00000000fda00000| Untracked 
|  27|0x00000000fdb00000, 0x00000000fdb00000, 0x00000000fdc00000|  0%| F|  |TAMS 0x00000000fdb00000| PB 0x00000000fdb00000| Untracked 
|  28|0x00000000fdc00000, 0x00000000fdc00000, 0x00000000fdd00000|  0%| F|  |TAMS 0x00000000fdc00000| PB 0x00000000fdc00000| Untracked 
|  29|0x00000000fdd00000, 0x00000000fdd00000, 0x00000000fde00000|  0%| F|  |TAMS 0x00000000fdd00000| PB 0x00000000fdd00000| Untracked 
|  30|0x00000000fde00000, 0x00000000fde00000, 0x00000000fdf00000|  0%| F|  |TAMS 0x00000000fde00000| PB 0x00000000fde00000| Untracked 
|  31|0x00000000fdf00000, 0x00000000fdfafe30, 0x00000000fe000000| 68%| S|CS|TAMS 0x00000000fdf00000| PB 0x00000000fdf00000| Complete 
|  32|0x00000000fe000000, 0x00000000fe100000, 0x00000000fe100000|100%| S|CS|TAMS 0x00000000fe000000| PB 0x00000000fe000000| Complete 
|  33|0x00000000fe100000, 0x00000000fe200000, 0x00000000fe200000|100%| S|CS|TAMS 0x00000000fe100000| PB 0x00000000fe100000| Complete 
|  34|0x00000000fe200000, 0x00000000fe200000, 0x00000000fe300000|  0%| F|  |TAMS 0x00000000fe200000| PB 0x00000000fe200000| Untracked 
|  35|0x00000000fe300000, 0x00000000fe300000, 0x00000000fe400000|  0%| F|  |TAMS 0x00000000fe300000| PB 0x00000000fe300000| Untracked 
|  36|0x00000000fe400000, 0x00000000fe400000, 0x00000000fe500000|  0%| F|  |TAMS 0x00000000fe400000| PB 0x00000000fe400000| Untracked 
|  37|0x00000000fe500000, 0x00000000fe500000, 0x00000000fe600000|  0%| F|  |TAMS 0x00000000fe500000| PB 0x00000000fe500000| Untracked 
|  38|0x00000000fe600000, 0x00000000fe600000, 0x00000000fe700000|  0%| F|  |TAMS 0x00000000fe600000| PB 0x00000000fe600000| Untracked 
|  39|0x00000000fe700000, 0x00000000fe700000, 0x00000000fe800000|  0%| F|  |TAMS 0x00000000fe700000| PB 0x00000000fe700000| Untracked 
|  40|0x00000000fe800000, 0x00000000fe800000, 0x00000000fe900000|  0%| F|  |TAMS 0x00000000fe800000| PB 0x00000000fe800000| Untracked 
|  41|0x00000000fe900000, 0x00000000fe900000, 0x00000000fea00000|  0%| F|  |TAMS 0x00000000fe900000| PB 0x00000000fe900000| Untracked 
|  42|0x00000000fea00000, 0x00000000fea00000, 0x00000000feb00000|  0%| F|  |TAMS 0x00000000fea00000| PB 0x00000000fea00000| Untracked 
|  43|0x00000000feb00000, 0x00000000feb00000, 0x00000000fec00000|  0%| F|  |TAMS 0x00000000feb00000| PB 0x00000000feb00000| Untracked 
|  44|0x00000000fec00000, 0x00000000fec00000, 0x00000000fed00000|  0%| F|  |TAMS 0x00000000fec00000| PB 0x00000000fec00000| Untracked 
|  45|0x00000000fed00000, 0x00000000fed00000, 0x00000000fee00000|  0%| F|  |TAMS 0x00000000fed00000| PB 0x00000000fed00000| Untracked 
|  46|0x00000000fee00000, 0x00000000fee00000, 0x00000000fef00000|  0%| F|  |TAMS 0x00000000fee00000| PB 0x00000000fee00000| Untracked 
|  47|0x00000000fef00000, 0x00000000fef00000, 0x00000000ff000000|  0%| F|  |TAMS 0x00000000fef00000| PB 0x00000000fef00000| Untracked 
|  48|0x00000000ff000000, 0x00000000ff000000, 0x00000000ff100000|  0%| F|  |TAMS 0x00000000ff000000| PB 0x00000000ff000000| Untracked 
|  49|0x00000000ff100000, 0x00000000ff100000, 0x00000000ff200000|  0%| F|  |TAMS 0x00000000ff100000| PB 0x00000000ff100000| Untracked 
|  50|0x00000000ff200000, 0x00000000ff200000, 0x00000000ff300000|  0%| F|  |TAMS 0x00000000ff200000| PB 0x00000000ff200000| Untracked 
|  51|0x00000000ff300000, 0x00000000ff300000, 0x00000000ff400000|  0%| F|  |TAMS 0x00000000ff300000| PB 0x00000000ff300000| Untracked 
|  52|0x00000000ff400000, 0x00000000ff400000, 0x00000000ff500000|  0%| F|  |TAMS 0x00000000ff400000| PB 0x00000000ff400000| Untracked 
|  53|0x00000000ff500000, 0x00000000ff500000, 0x00000000ff600000|  0%| F|  |TAMS 0x00000000ff500000| PB 0x00000000ff500000| Untracked 
|  54|0x00000000ff600000, 0x00000000ff600000, 0x00000000ff700000|  0%| F|  |TAMS 0x00000000ff600000| PB 0x00000000ff600000| Untracked 
|  55|0x00000000ff700000, 0x00000000ff700000, 0x00000000ff800000|  0%| F|  |TAMS 0x00000000ff700000| PB 0x00000000ff700000| Untracked 
|  56|0x00000000ff800000, 0x00000000ff875488, 0x00000000ff900000| 45%| E|  |TAMS 0x00000000ff800000| PB 0x00000000ff800000| Complete 
|  57|0x00000000ff900000, 0x00000000ffa00000, 0x00000000ffa00000|100%| E|CS|TAMS 0x00000000ff900000| PB 0x00000000ff900000| Complete 
|  58|0x00000000ffa00000, 0x00000000ffb00000, 0x00000000ffb00000|100%| E|CS|TAMS 0x00000000ffa00000| PB 0x00000000ffa00000| Complete 
|  59|0x00000000ffb00000, 0x00000000ffc00000, 0x00000000ffc00000|100%| E|CS|TAMS 0x00000000ffb00000| PB 0x00000000ffb00000| Complete 
|  60|0x00000000ffc00000, 0x00000000ffd00000, 0x00000000ffd00000|100%| E|CS|TAMS 0x00000000ffc00000| PB 0x00000000ffc00000| Complete 
|  61|0x00000000ffd00000, 0x00000000ffe00000, 0x00000000ffe00000|100%| E|CS|TAMS 0x00000000ffd00000| PB 0x00000000ffd00000| Complete 
|  62|0x00000000ffe00000, 0x00000000fff00000, 0x00000000fff00000|100%| E|CS|TAMS 0x00000000ffe00000| PB 0x00000000ffe00000| Complete 
|  63|0x00000000fff00000, 0x0000000100000000, 0x0000000100000000|100%| E|CS|TAMS 0x00000000fff00000| PB 0x00000000fff00000| Complete 

Card table byte_map: [0x00000245c09a0000,0x00000245c09c0000] _byte_map_base: 0x00000245c01c0000

Marking Bits: (CMBitMap*) 0x00000245c0a7a960
 Bits: [0x00000245d8460000, 0x00000245d8560000)

Polling page: 0x00000245c0220000

Metaspace:

Usage:
  Non-class:      8.59 MB used.
      Class:      1.28 MB used.
       Both:      9.87 MB used.

Virtual space:
  Non-class space:       64.00 MB reserved,       8.75 MB ( 14%) committed,  1 nodes.
      Class space:        1.00 GB reserved,       1.50 MB ( <1%) committed,  1 nodes.
             Both:        1.06 GB reserved,      10.25 MB ( <1%) committed. 

Chunk freelists:
   Non-Class:  7.08 MB
       Class:  14.50 MB
        Both:  21.58 MB

MaxMetaspaceSize: unlimited
CompressedClassSpaceSize: 1.00 GB
Initial GC threshold: 21.00 MB
Current GC threshold: 21.00 MB
CDS: on
 - commit_granule_bytes: 65536.
 - commit_granule_words: 8192.
 - virtual_space_node_default_size: 8388608.
 - enlarge_chunks_in_place: 1.
 - use_allocation_guard: 0.


Internal statistics:

num_allocs_failed_limit: 0.
num_arena_births: 258.
num_arena_deaths: 0.
num_vsnodes_births: 2.
num_vsnodes_deaths: 0.
num_space_committed: 164.
num_space_uncommitted: 0.
num_chunks_returned_to_freelist: 0.
num_chunks_taken_from_freelist: 544.
num_chunk_merges: 0.
num_chunk_splits: 365.
num_chunks_enlarged: 269.
num_inconsistent_stats: 0.

CodeHeap 'non-profiled nmethods': size=120000Kb used=879Kb max_used=879Kb free=119120Kb
 bounds [0x00000245d0c00000, 0x00000245d0e70000, 0x00000245d8130000]
CodeHeap 'profiled nmethods': size=120000Kb used=3936Kb max_used=3936Kb free=116063Kb
 bounds [0x00000245c9130000, 0x00000245c9510000, 0x00000245d0660000]
CodeHeap 'non-nmethods': size=5760Kb used=1396Kb max_used=1421Kb free=4363Kb
 bounds [0x00000245d0660000, 0x00000245d08d0000, 0x00000245d0c00000]
 total_blobs=2635 nmethods=2139 adapters=401
 compilation: enabled
              stopped_count=0, restarted_count=0
 full_count=0

Compilation events (20 events):
Event: 27.331 Thread 0x00000245daf3efa0 nmethod 2129 0x00000245d0cdaa10 code [0x00000245d0cdabc0, 0x00000245d0cdad80]
Event: 27.386 Thread 0x00000245daf3efa0 2130       4       java.util.concurrent.locks.ReentrantLock::unlock (10 bytes)
Event: 27.389 Thread 0x00000245daf3efa0 nmethod 2130 0x00000245d0cdb390 code [0x00000245d0cdb540, 0x00000245d0cdb728]
Event: 27.459 Thread 0x00000245daf42d00 2132       3       org.gradle.internal.logging.console.MultiLineBuildProgressArea::parkCursor (26 bytes)
Event: 27.459 Thread 0x00000245daf42d00 nmethod 2132 0x00000245c9501990 code [0x00000245c9501b60, 0x00000245c9501ef0]
Event: 27.944 Thread 0x00000245daf42d00 2133       3       org.gradle.internal.logging.console.ProgressBar::formatProgress (328 bytes)
Event: 27.947 Thread 0x00000245daf42d00 nmethod 2133 0x00000245c9502090 code [0x00000245c9502580, 0x00000245c9504700]
Event: 27.948 Thread 0x00000245daf42d00 2134       3       org.gradle.internal.logging.format.TersePrettyDurationFormatter::format (5 bytes)
Event: 27.948 Thread 0x00000245daf42d00 nmethod 2134 0x00000245c9505490 code [0x00000245c9505640, 0x00000245c9505778]
Event: 27.948 Thread 0x00000245daf42d00 2135       3       org.gradle.internal.time.TimeFormatting::formatDurationTerse (123 bytes)
Event: 27.949 Thread 0x00000245daf42d00 nmethod 2135 0x00000245c9505810 code [0x00000245c9505b20, 0x00000245c9506858]
Event: 28.068 Thread 0x00000245daf42d00 2136       3       jdk.internal.misc.Unsafe::getAndBitwiseAndInt (27 bytes)
Event: 28.068 Thread 0x00000245daf42d00 nmethod 2136 0x00000245c9506d10 code [0x00000245c9506ec0, 0x00000245c95070f0]
Event: 28.203 Thread 0x00000245daf42d00 2137   !   3       java.util.concurrent.locks.LockSupport::parkNanos (56 bytes)
Event: 28.204 Thread 0x00000245daf42d00 nmethod 2137 0x00000245c9507210 code [0x00000245c9507420, 0x00000245c9507870]
Event: 28.417 Thread 0x00000245daf42d00 2138       3       java.util.concurrent.locks.AbstractQueuedSynchronizer$Node::clearStatus (12 bytes)
Event: 28.417 Thread 0x00000245daf42d00 nmethod 2138 0x00000245c9507a10 code [0x00000245c9507bc0, 0x00000245c9507d80]
Event: 28.417 Thread 0x00000245daf42d00 2139       3       jdk.internal.misc.Unsafe::putIntOpaque (9 bytes)
Event: 28.417 Thread 0x00000245daf42d00 nmethod 2139 0x00000245c9507e10 code [0x00000245c9507fa0, 0x00000245c95080b8]
Event: 28.568 Thread 0x00000245daf3efa0 2141       4       org.gradle.internal.serialize.kryo.KryoBackedDecoder::readString (5 bytes)

GC Heap History (4 events):
Event: 0.914 GC heap before
{Heap before GC invocations=0 (full 0):
 garbage-first heap   total 65536K, used 26624K [0x00000000fc000000, 0x0000000100000000)
  region size 1024K, 23 young (23552K), 0 survivors (0K)
 Metaspace       used 1840K, committed 1984K, reserved 1114112K
  class space    used 187K, committed 256K, reserved 1048576K
}
Event: 0.924 GC heap after
{Heap after GC invocations=1 (full 0):
 garbage-first heap   total 65536K, used 9992K [0x00000000fc000000, 0x0000000100000000)
  region size 1024K, 3 young (3072K), 3 survivors (3072K)
 Metaspace       used 1840K, committed 1984K, reserved 1114112K
  class space    used 187K, committed 256K, reserved 1048576K
}
Event: 18.378 GC heap before
{Heap before GC invocations=1 (full 0):
 garbage-first heap   total 65536K, used 37640K [0x00000000fc000000, 0x0000000100000000)
  region size 1024K, 30 young (30720K), 3 survivors (3072K)
 Metaspace       used 10030K, committed 10368K, reserved 1114112K
  class space    used 1314K, committed 1472K, reserved 1048576K
}
Event: 18.389 GC heap after
{Heap after GC invocations=2 (full 0):
 garbage-first heap   total 65536K, used 13093K [0x00000000fc000000, 0x0000000100000000)
  region size 1024K, 3 young (3072K), 3 survivors (3072K)
 Metaspace       used 10030K, committed 10368K, reserved 1114112K
  class space    used 1314K, committed 1472K, reserved 1048576K
}

Dll operation events (15 events):
Event: 0.008 Loaded shared library C:\oit\isdev24-byod\amazonjdk21.0.3_9\bin\java.dll
Event: 0.052 Loaded shared library C:\oit\isdev24-byod\amazonjdk21.0.3_9\bin\jsvml.dll
Event: 0.116 Loaded shared library C:\oit\isdev24-byod\amazonjdk21.0.3_9\bin\zip.dll
Event: 0.121 Loaded shared library C:\oit\isdev24-byod\amazonjdk21.0.3_9\bin\instrument.dll
Event: 0.129 Loaded shared library C:\oit\isdev24-byod\amazonjdk21.0.3_9\bin\net.dll
Event: 0.132 Loaded shared library C:\oit\isdev24-byod\amazonjdk21.0.3_9\bin\nio.dll
Event: 0.143 Loaded shared library C:\oit\isdev24-byod\amazonjdk21.0.3_9\bin\zip.dll
Event: 0.576 Loaded shared library C:\oit\isdev24-byod\amazonjdk21.0.3_9\bin\jimage.dll
Event: 1.007 Loaded shared library C:\oit\isdev24-byod\amazonjdk21.0.3_9\bin\verify.dll
Event: 1.257 Loaded shared library C:\Users\81908\.gradle\native\c067742578af261105cb4f569cf0c3c89f3d7b1fecec35dd04571415982c5e48\windows-amd64\native-platform.dll
Event: 1.296 Loaded shared library C:\Users\81908\.gradle\native\jansi\1.18\windows64\jansi.dll
Event: 1.558 Loaded shared library C:\oit\isdev24-byod\amazonjdk21.0.3_9\bin\management.dll
Event: 1.562 Loaded shared library C:\oit\isdev24-byod\amazonjdk21.0.3_9\bin\management_ext.dll
Event: 1.865 Loaded shared library C:\oit\isdev24-byod\amazonjdk21.0.3_9\bin\extnet.dll
Event: 1.952 Loaded shared library C:\oit\isdev24-byod\amazonjdk21.0.3_9\bin\sunmscapi.dll

Deoptimization events (20 events):
Event: 18.739 Thread 0x00000245be8758c0 DEOPT PACKING pc=0x00000245c94b55dd sp=0x000000b080dfde10
Event: 18.739 Thread 0x00000245be8758c0 DEOPT UNPACKING pc=0x00000245d06b4e42 sp=0x000000b080dfd2a8 mode 0
Event: 18.740 Thread 0x00000245be8758c0 DEOPT PACKING pc=0x00000245c94c611e sp=0x000000b080dfdd80
Event: 18.740 Thread 0x00000245be8758c0 DEOPT UNPACKING pc=0x00000245d06b4e42 sp=0x000000b080dfd248 mode 0
Event: 18.741 Thread 0x00000245be8758c0 DEOPT PACKING pc=0x00000245c94b55dd sp=0x000000b080dfde10
Event: 18.741 Thread 0x00000245be8758c0 DEOPT UNPACKING pc=0x00000245d06b4e42 sp=0x000000b080dfd2a8 mode 0
Event: 18.741 Thread 0x00000245be8758c0 DEOPT PACKING pc=0x00000245c94c611e sp=0x000000b080dfdd80
Event: 18.741 Thread 0x00000245be8758c0 DEOPT UNPACKING pc=0x00000245d06b4e42 sp=0x000000b080dfd248 mode 0
Event: 18.741 Thread 0x00000245be8758c0 DEOPT PACKING pc=0x00000245c94b55dd sp=0x000000b080dfde10
Event: 18.741 Thread 0x00000245be8758c0 DEOPT UNPACKING pc=0x00000245d06b4e42 sp=0x000000b080dfd2a8 mode 0
Event: 18.743 Thread 0x00000245be8758c0 DEOPT PACKING pc=0x00000245c94b55dd sp=0x000000b080dfde10
Event: 18.743 Thread 0x00000245be8758c0 DEOPT UNPACKING pc=0x00000245d06b4e42 sp=0x000000b080dfd2a8 mode 0
Event: 18.743 Thread 0x00000245be8758c0 DEOPT PACKING pc=0x00000245c94c611e sp=0x000000b080dfdd80
Event: 18.743 Thread 0x00000245be8758c0 DEOPT UNPACKING pc=0x00000245d06b4e42 sp=0x000000b080dfd248 mode 0
Event: 18.744 Thread 0x00000245be8758c0 DEOPT PACKING pc=0x00000245c94b55dd sp=0x000000b080dfde10
Event: 18.744 Thread 0x00000245be8758c0 DEOPT UNPACKING pc=0x00000245d06b4e42 sp=0x000000b080dfd2a8 mode 0
Event: 18.763 Thread 0x0000024620d78370 DEOPT PACKING pc=0x00000245c94af56e sp=0x000000b0822fe220
Event: 18.764 Thread 0x0000024620d78370 DEOPT UNPACKING pc=0x00000245d06b4e42 sp=0x000000b0822fd870 mode 0
Event: 18.826 Thread 0x0000024620d78370 DEOPT PACKING pc=0x00000245c92da272 sp=0x000000b0822fe670
Event: 18.826 Thread 0x0000024620d78370 DEOPT UNPACKING pc=0x00000245d06b4e42 sp=0x000000b0822fdb30 mode 0

Classes loaded (20 events):
Event: 1.994 Loading class java/lang/invoke/ConstantBootstraps
Event: 1.995 Loading class java/lang/invoke/ConstantBootstraps done
Event: 2.032 Loading class java/nio/channels/spi/AbstractSelector$1
Event: 2.033 Loading class java/nio/channels/spi/AbstractSelector$1 done
Event: 2.056 Loading class java/util/AbstractList$ListItr
Event: 2.057 Loading class java/util/AbstractList$ListItr done
Event: 2.140 Loading class java/util/concurrent/Executors$AutoShutdownDelegatedExecutorService
Event: 2.140 Loading class java/util/concurrent/Executors$AutoShutdownDelegatedExecutorService done
Event: 2.142 Loading class java/io/BufferedReader
Event: 2.142 Loading class java/io/BufferedReader done
Event: 2.142 Loading class sun/nio/cs/StreamDecoder
Event: 2.142 Loading class sun/nio/cs/StreamDecoder done
Event: 5.320 Loading class jdk/internal/foreign/MemorySessionImpl
Event: 5.320 Loading class java/lang/foreign/MemorySegment$Scope
Event: 5.321 Loading class java/lang/foreign/MemorySegment$Scope done
Event: 5.321 Loading class jdk/internal/foreign/MemorySessionImpl done
Event: 5.461 Loading class java/lang/invoke/MethodHandle$1
Event: 5.461 Loading class java/lang/invoke/MethodHandle$1 done
Event: 21.560 Loading class java/lang/foreign/MemorySegment
Event: 21.562 Loading class java/lang/foreign/MemorySegment done

Classes unloaded (0 events):
No events

Classes redefined (0 events):
No events

Internal exceptions (20 events):
Event: 1.134 Thread 0x00000245be8758c0 Exception <a 'java/lang/NoSuchMethodError'{0x00000000ffb94050}: 'void java.lang.invoke.DirectMethodHandle$Holder.invokeStatic(java.lang.Object, java.lang.Object)'> (0x00000000ffb94050) 
thrown [s\src\hotspot\share\interpreter\linkResolver.cpp, line 773]
Event: 1.173 Thread 0x00000245be8758c0 Exception <a 'java/lang/NoClassDefFoundError'{0x00000000ffa317f8}: org/slf4j/impl/StaticMarkerBinder> (0x00000000ffa317f8) 
thrown [s\src\hotspot\share\classfile\systemDictionary.cpp, line 301]
Event: 1.204 Thread 0x00000245be8758c0 Exception <a 'java/lang/NoSuchMethodError'{0x00000000ffaf4100}: 'java.lang.Object java.lang.invoke.DirectMethodHandle$Holder.invokeStatic(java.lang.Object, java.lang.Object, int)'> (0x00000000ffaf4100) 
thrown [s\src\hotspot\share\interpreter\linkResolver.cpp, line 773]
Event: 1.208 Thread 0x00000245be8758c0 Exception <a 'java/lang/NoSuchMethodError'{0x00000000ffaff550}: 'void java.lang.invoke.DelegatingMethodHandle$Holder.delegate(java.lang.Object, java.lang.Object, int, java.lang.Object)'> (0x00000000ffaff550) 
thrown [s\src\hotspot\share\interpreter\linkResolver.cpp, line 773]
Event: 1.209 Thread 0x00000245be8758c0 Exception <a 'java/lang/NoSuchMethodError'{0x00000000ff903810}: 'int java.lang.invoke.DirectMethodHandle$Holder.invokeSpecial(java.lang.Object, java.lang.Object, java.lang.Object)'> (0x00000000ff903810) 
thrown [s\src\hotspot\share\interpreter\linkResolver.cpp, line 773]
Event: 1.411 Thread 0x00000245be8758c0 Exception <a 'java/lang/NoSuchMethodError'{0x00000000ff6eb0a8}: 'java.lang.Object java.lang.invoke.DirectMethodHandle$Holder.newInvokeSpecial(java.lang.Object, java.lang.Object, java.lang.Object, java.lang.Object, java.lang.Object)'> (0x00000000ff6eb0a8) 
thrown [s\src\hotspot\share\interpreter\linkResolver.cpp, line 773]
Event: 1.431 Thread 0x00000245be8758c0 Exception <a 'java/lang/NoSuchMethodError'{0x00000000ff5584d0}: 'java.lang.Object java.lang.invoke.DirectMethodHandle$Holder.invokeVirtual(java.lang.Object, java.lang.Object, java.lang.Object, java.lang.Object, java.lang.Object, java.lang.Object, java.lang.Object)'> (0x00000000ff5584d0) 
thrown [s\src\hotspot\share\interpreter\linkResolver.cpp, line 773]
Event: 1.442 Thread 0x00000245be8758c0 Exception <a 'java/lang/NoSuchMethodError'{0x00000000ff599570}: 'java.lang.Object java.lang.invoke.DirectMethodHandle$Holder.invokeVirtual(java.lang.Object, java.lang.Object, java.lang.Object, java.lang.Object)'> (0x00000000ff599570) 
thrown [s\src\hotspot\share\interpreter\linkResolver.cpp, line 773]
Event: 1.474 Thread 0x00000245be8758c0 Exception <a 'java/lang/NoSuchMethodError'{0x00000000ff486908}: 'java.lang.Object java.lang.invoke.DirectMethodHandle$Holder.invokeVirtual(java.lang.Object, java.lang.Object, java.lang.Object, java.lang.Object, java.lang.Object, java.lang.Object)'> (0x00000000ff486908) 
thrown [s\src\hotspot\share\interpreter\linkResolver.cpp, line 773]
Event: 1.516 Thread 0x00000245be8758c0 Exception <a 'java/lang/NoSuchMethodError'{0x00000000ff21ac20}: 'void java.lang.invoke.DirectMethodHandle$Holder.invokeSpecial(java.lang.Object, java.lang.Object, java.lang.Object)'> (0x00000000ff21ac20) 
thrown [s\src\hotspot\share\interpreter\linkResolver.cpp, line 773]
Event: 1.527 Thread 0x00000245be8758c0 Implicit null exception at 0x00000245d0c6aac0 to 0x00000245d0c6ad38
Event: 1.598 Thread 0x00000245be8758c0 Exception <a 'java/lang/NoSuchMethodError'{0x00000000ff1cce60}: 'int java.lang.invoke.DirectMethodHandle$Holder.invokeVirtual(java.lang.Object, java.lang.Object, java.lang.Object)'> (0x00000000ff1cce60) 
thrown [s\src\hotspot\share\interpreter\linkResolver.cpp, line 773]
Event: 1.656 Thread 0x00000245be8758c0 Exception <a 'java/lang/NoSuchMethodError'{0x00000000fef36768}: 'java.lang.Object java.lang.invoke.DirectMethodHandle$Holder.invokeVirtual(java.lang.Object, java.lang.Object, java.lang.Object, java.lang.Object, java.lang.Object)'> (0x00000000fef36768) 
thrown [s\src\hotspot\share\interpreter\linkResolver.cpp, line 773]
Event: 1.658 Thread 0x00000245be8758c0 Exception <a 'java/lang/NoSuchMethodError'{0x00000000fef490a8}: 'java.lang.Object java.lang.invoke.Invokers$Holder.invokeExact_MT(java.lang.Object, java.lang.Object, java.lang.Object, java.lang.Object, java.lang.Object, java.lang.Object)'> (0x00000000fef490a8) 
thrown [s\src\hotspot\share\interpreter\linkResolver.cpp, line 773]
Event: 1.682 Thread 0x00000245be8758c0 Exception <a 'java/lang/NoSuchMethodError'{0x00000000fefee420}: 'java.lang.Object java.lang.invoke.DirectMethodHandle$Holder.invokeSpecialIFC(java.lang.Object, java.lang.Object, java.lang.Object, java.lang.Object)'> (0x00000000fefee420) 
thrown [s\src\hotspot\share\interpreter\linkResolver.cpp, line 773]
Event: 1.683 Thread 0x00000245be8758c0 Exception <a 'java/lang/NoSuchMethodError'{0x00000000feff7388}: 'java.lang.Object java.lang.invoke.DirectMethodHandle$Holder.invokeVirtual(java.lang.Object, java.lang.Object, java.lang.Object, java.lang.Object, java.lang.Object, java.lang.Object, java.lang.Object, java.lang.Object)'> (0x00000000feff7388) 
thrown [s\src\hotspot\share\interpreter\linkResolver.cpp, line 773]
Event: 1.810 Thread 0x00000245be8758c0 Exception <a 'java/lang/NoSuchMethodError'{0x00000000feb02a80}: 'java.lang.Object java.lang.invoke.DirectMethodHandle$Holder.invokeStaticInit(java.lang.Object, int, int, int, int)'> (0x00000000feb02a80) 
thrown [s\src\hotspot\share\interpreter\linkResolver.cpp, line 773]
Event: 1.845 Thread 0x00000245be8758c0 Exception <a 'java/lang/NoSuchMethodError'{0x00000000fea11a50}: 'java.lang.Object java.lang.invoke.DirectMethodHandle$Holder.invokeStaticInit(java.lang.Object, java.lang.Object, int, int, int, int)'> (0x00000000fea11a50) 
thrown [s\src\hotspot\share\interpreter\linkResolver.cpp, line 773]
Event: 1.895 Thread 0x00000245be8758c0 Implicit null exception at 0x00000245d0c5bfa0 to 0x00000245d0c5c63c
Event: 1.900 Thread 0x00000245be8758c0 Exception <a 'java/lang/NoSuchMethodError'{0x00000000fe946270}: 'void java.lang.invoke.DirectMethodHandle$Holder.invokeInterface(java.lang.Object, java.lang.Object, java.lang.Object)'> (0x00000000fe946270) 
thrown [s\src\hotspot\share\interpreter\linkResolver.cpp, line 773]

ZGC Phase Switch (0 events):
No events

VM Operations (20 events):
Event: 18.199 Executing VM operation: Cleanup
Event: 18.199 Executing VM operation: Cleanup done
Event: 18.378 Executing VM operation: G1CollectForAllocation (G1 Evacuation Pause)
Event: 18.389 Executing VM operation: G1CollectForAllocation (G1 Evacuation Pause) done
Event: 19.389 Executing VM operation: Cleanup
Event: 19.389 Executing VM operation: Cleanup done
Event: 21.397 Executing VM operation: Cleanup
Event: 21.397 Executing VM operation: Cleanup done
Event: 22.408 Executing VM operation: Cleanup
Event: 22.408 Executing VM operation: Cleanup done
Event: 23.414 Executing VM operation: Cleanup
Event: 23.414 Executing VM operation: Cleanup done
Event: 24.421 Executing VM operation: Cleanup
Event: 24.421 Executing VM operation: Cleanup done
Event: 25.436 Executing VM operation: Cleanup
Event: 25.436 Executing VM operation: Cleanup done
Event: 26.450 Executing VM operation: Cleanup
Event: 26.450 Executing VM operation: Cleanup done
Event: 27.461 Executing VM operation: Cleanup
Event: 27.461 Executing VM operation: Cleanup done

Events (12 events):
Event: 0.024 Thread 0x00000245be8758c0 Thread added: 0x00000245be8758c0
Event: 0.050 Thread 0x00000245daf0c4e0 Thread added: 0x00000245daf0c4e0
Event: 0.050 Thread 0x00000245daf0d040 Thread added: 0x00000245daf0d040
Event: 0.051 Thread 0x00000245daf10b10 Thread added: 0x00000245daf10b10
Event: 0.051 Thread 0x00000245daf11780 Thread added: 0x00000245daf11780
Event: 0.051 Thread 0x00000245daf33e50 Thread added: 0x00000245daf33e50
Event: 0.051 Thread 0x00000245daf11fa0 Thread added: 0x00000245daf11fa0
Event: 0.051 Thread 0x00000245daf3efa0 Thread added: 0x00000245daf3efa0
Event: 0.051 Thread 0x00000245daf42d00 Thread added: 0x00000245daf42d00
Event: 0.083 Thread 0x00000245c0af3c80 Thread added: 0x00000245c0af3c80
Event: 0.181 Thread 0x0000024620200bf0 Thread added: 0x0000024620200bf0
Event: 1.341 Thread 0x0000024620d78370 Thread added: 0x0000024620d78370


Dynamic libraries:
0x00007ff66e320000 - 0x00007ff66e32e000 	C:\oit\isdev24-byod\amazonjdk21.0.3_9\bin\java.exe
0x00007ffcb4dd0000 - 0x00007ffcb4fe7000 	C:\WINDOWS\SYSTEM32\ntdll.dll
0x00007ffcb4990000 - 0x00007ffcb4a54000 	C:\WINDOWS\System32\KERNEL32.DLL
0x00007ffcb2400000 - 0x00007ffcb27b9000 	C:\WINDOWS\System32\KERNELBASE.dll
0x00007ffcb27f0000 - 0x00007ffcb2901000 	C:\WINDOWS\System32\ucrtbase.dll
0x00007ffc73320000 - 0x00007ffc73338000 	C:\oit\isdev24-byod\amazonjdk21.0.3_9\bin\jli.dll
0x00007ffc6ee30000 - 0x00007ffc6ee4b000 	C:\oit\isdev24-byod\amazonjdk21.0.3_9\bin\VCRUNTIME140.dll
0x00007ffcb2cc0000 - 0x00007ffcb2e6e000 	C:\WINDOWS\System32\USER32.dll
0x00007ffc9b460000 - 0x00007ffc9b6f2000 	C:\WINDOWS\WinSxS\amd64_microsoft.windows.common-controls_6595b64144ccf1df_6.0.22621.4391_none_2715d37f73803e96\COMCTL32.dll
0x00007ffcb27c0000 - 0x00007ffcb27e6000 	C:\WINDOWS\System32\win32u.dll
0x00007ffcb4b70000 - 0x00007ffcb4c17000 	C:\WINDOWS\System32\msvcrt.dll
0x00007ffcb44e0000 - 0x00007ffcb4509000 	C:\WINDOWS\System32\GDI32.dll
0x00007ffcb20d0000 - 0x00007ffcb21eb000 	C:\WINDOWS\System32\gdi32full.dll
0x00007ffcb22b0000 - 0x00007ffcb234a000 	C:\WINDOWS\System32\msvcp_win.dll
0x00007ffcb38c0000 - 0x00007ffcb38f1000 	C:\WINDOWS\System32\IMM32.DLL
0x00007ffc9a620000 - 0x00007ffc9a62c000 	C:\oit\isdev24-byod\amazonjdk21.0.3_9\bin\vcruntime140_1.dll
0x00007ffc27fe0000 - 0x00007ffc2806d000 	C:\oit\isdev24-byod\amazonjdk21.0.3_9\bin\msvcp140.dll
0x00007ffb83540000 - 0x00007ffb842d1000 	C:\oit\isdev24-byod\amazonjdk21.0.3_9\bin\server\jvm.dll
0x00007ffcb4030000 - 0x00007ffcb40e2000 	C:\WINDOWS\System32\ADVAPI32.dll
0x00007ffcb4a60000 - 0x00007ffcb4b07000 	C:\WINDOWS\System32\sechost.dll
0x00007ffcb2350000 - 0x00007ffcb2378000 	C:\WINDOWS\System32\bcrypt.dll
0x00007ffcb4310000 - 0x00007ffcb4424000 	C:\WINDOWS\System32\RPCRT4.dll
0x00007ffcb3920000 - 0x00007ffcb3991000 	C:\WINDOWS\System32\WS2_32.dll
0x00007ffcb0f20000 - 0x00007ffcb0f6d000 	C:\WINDOWS\SYSTEM32\POWRPROF.dll
0x00007ffca5fb0000 - 0x00007ffca5fba000 	C:\WINDOWS\SYSTEM32\VERSION.dll
0x00007ffca6070000 - 0x00007ffca60a4000 	C:\WINDOWS\SYSTEM32\WINMM.dll
0x00007ffcb0f00000 - 0x00007ffcb0f13000 	C:\WINDOWS\SYSTEM32\UMPDC.dll
0x00007ffcb11c0000 - 0x00007ffcb11d8000 	C:\WINDOWS\SYSTEM32\kernel.appcore.dll
0x00007ffc998c0000 - 0x00007ffc998ca000 	C:\oit\isdev24-byod\amazonjdk21.0.3_9\bin\jimage.dll
0x00007ffcaf990000 - 0x00007ffcafbc2000 	C:\WINDOWS\SYSTEM32\DBGHELP.DLL
0x00007ffcb3aa0000 - 0x00007ffcb3e2f000 	C:\WINDOWS\System32\combase.dll
0x00007ffcb2bd0000 - 0x00007ffcb2ca7000 	C:\WINDOWS\System32\OLEAUT32.dll
0x00007ffc885b0000 - 0x00007ffc885e2000 	C:\WINDOWS\SYSTEM32\dbgcore.DLL
0x00007ffcb2380000 - 0x00007ffcb23fb000 	C:\WINDOWS\System32\bcryptPrimitives.dll
0x00007ffc99690000 - 0x00007ffc9969e000 	C:\oit\isdev24-byod\amazonjdk21.0.3_9\bin\instrument.dll
0x00007ffc6e650000 - 0x00007ffc6e66f000 	C:\oit\isdev24-byod\amazonjdk21.0.3_9\bin\java.dll
0x00007ffcb3040000 - 0x00007ffcb38b6000 	C:\WINDOWS\System32\SHELL32.dll
0x00007ffcaffd0000 - 0x00007ffcb08d3000 	C:\WINDOWS\SYSTEM32\windows.storage.dll
0x00007ffcafe90000 - 0x00007ffcaffcf000 	C:\WINDOWS\SYSTEM32\wintypes.dll
0x00007ffcb39a0000 - 0x00007ffcb3a99000 	C:\WINDOWS\System32\SHCORE.dll
0x00007ffcb2b70000 - 0x00007ffcb2bce000 	C:\WINDOWS\System32\shlwapi.dll
0x00007ffcb2000000 - 0x00007ffcb202b000 	C:\WINDOWS\SYSTEM32\profapi.dll
0x00007ffc24a80000 - 0x00007ffc24b57000 	C:\oit\isdev24-byod\amazonjdk21.0.3_9\bin\jsvml.dll
0x00007ffc6e600000 - 0x00007ffc6e618000 	C:\oit\isdev24-byod\amazonjdk21.0.3_9\bin\zip.dll
0x00007ffc99650000 - 0x00007ffc99660000 	C:\oit\isdev24-byod\amazonjdk21.0.3_9\bin\net.dll
0x00007ffcaa8a0000 - 0x00007ffcaa9d6000 	C:\WINDOWS\SYSTEM32\WINHTTP.dll
0x00007ffcb1660000 - 0x00007ffcb16c9000 	C:\WINDOWS\system32\mswsock.dll
0x00007ffc6e5e0000 - 0x00007ffc6e5f6000 	C:\oit\isdev24-byod\amazonjdk21.0.3_9\bin\nio.dll
0x00007ffc894d0000 - 0x00007ffc894e0000 	C:\oit\isdev24-byod\amazonjdk21.0.3_9\bin\verify.dll
0x00007ffc56e60000 - 0x00007ffc56e87000 	C:\Users\81908\.gradle\native\c067742578af261105cb4f569cf0c3c89f3d7b1fecec35dd04571415982c5e48\windows-amd64\native-platform.dll
0x00007ffc98b70000 - 0x00007ffc98b7a000 	C:\Users\81908\.gradle\native\jansi\1.18\windows64\jansi.dll
0x00007ffc8cc60000 - 0x00007ffc8cc69000 	C:\oit\isdev24-byod\amazonjdk21.0.3_9\bin\management.dll
0x00007ffc8ca10000 - 0x00007ffc8ca1b000 	C:\oit\isdev24-byod\amazonjdk21.0.3_9\bin\management_ext.dll
0x00007ffcb4c20000 - 0x00007ffcb4c28000 	C:\WINDOWS\System32\PSAPI.DLL
0x00007ffcb18d0000 - 0x00007ffcb18eb000 	C:\WINDOWS\SYSTEM32\CRYPTSP.dll
0x00007ffcb1120000 - 0x00007ffcb1155000 	C:\WINDOWS\system32\rsaenh.dll
0x00007ffcb1750000 - 0x00007ffcb1778000 	C:\WINDOWS\SYSTEM32\USERENV.dll
0x00007ffcb18f0000 - 0x00007ffcb18fc000 	C:\WINDOWS\SYSTEM32\CRYPTBASE.dll
0x00007ffcb0bb0000 - 0x00007ffcb0bdd000 	C:\WINDOWS\SYSTEM32\IPHLPAPI.DLL
0x00007ffcb4110000 - 0x00007ffcb4119000 	C:\WINDOWS\System32\NSI.dll
0x00007ffc97a10000 - 0x00007ffc97a19000 	C:\oit\isdev24-byod\amazonjdk21.0.3_9\bin\extnet.dll
0x00007ffc98b00000 - 0x00007ffc98b0e000 	C:\oit\isdev24-byod\amazonjdk21.0.3_9\bin\sunmscapi.dll
0x00007ffcb2910000 - 0x00007ffcb2a76000 	C:\WINDOWS\System32\CRYPT32.dll
0x00007ffcb1a70000 - 0x00007ffcb1a9d000 	C:\WINDOWS\SYSTEM32\ncrypt.dll
0x00007ffcb1a30000 - 0x00007ffcb1a67000 	C:\WINDOWS\SYSTEM32\NTASN1.dll
0x00007ffc991c0000 - 0x00007ffc991c8000 	C:\WINDOWS\system32\wshunix.dll

dbghelp: loaded successfully - version: 4.0.5 - missing functions: none
symbol engine: initialized successfully - sym options: 0x614 - pdb path: .;C:\oit\isdev24-byod\amazonjdk21.0.3_9\bin;C:\WINDOWS\SYSTEM32;C:\WINDOWS\WinSxS\amd64_microsoft.windows.common-controls_6595b64144ccf1df_6.0.22621.4391_none_2715d37f73803e96;C:\oit\isdev24-byod\amazonjdk21.0.3_9\bin\server;C:\Users\81908\.gradle\native\c067742578af261105cb4f569cf0c3c89f3d7b1fecec35dd04571415982c5e48\windows-amd64;C:\Users\81908\.gradle\native\jansi\1.18\windows64

VM Arguments:
jvm_args: -Xmx64m -Xms64m -javaagent:C:/oit/isdev24-byod/gradle-8.10/lib/agents/gradle-instrumentation-agent-8.10.jar -Dfile.encoding=utf-8 -Dorg.gradle.appname=gradle -Dfile.encoding=SHIFT-JIS 
java_command: org.gradle.launcher.GradleMain bootrun
java_class_path (initial): C:/oit/isdev24-byod/gradle-8.10/lib/gradle-gradle-cli-main-8.10.jar
Launcher Type: SUN_STANDARD

[Global flags]
     intx CICompilerCount                          = 4                                         {product} {ergonomic}
     uint ConcGCThreads                            = 2                                         {product} {ergonomic}
     uint G1ConcRefinementThreads                  = 8                                         {product} {ergonomic}
   size_t G1HeapRegionSize                         = 1048576                                   {product} {ergonomic}
    uintx GCDrainStackTargetSize                   = 64                                        {product} {ergonomic}
   size_t InitialHeapSize                          = 67108864                                  {product} {command line}
   size_t MarkStackSize                            = 4194304                                   {product} {ergonomic}
   size_t MaxHeapSize                              = 67108864                                  {product} {command line}
   size_t MaxNewSize                               = 39845888                                  {product} {ergonomic}
   size_t MinHeapDeltaBytes                        = 1048576                                   {product} {ergonomic}
   size_t MinHeapSize                              = 67108864                                  {product} {command line}
    uintx NonNMethodCodeHeapSize                   = 5839372                                {pd product} {ergonomic}
    uintx NonProfiledCodeHeapSize                  = 122909434                              {pd product} {ergonomic}
    uintx ProfiledCodeHeapSize                     = 122909434                              {pd product} {ergonomic}
    uintx ReservedCodeCacheSize                    = 251658240                              {pd product} {ergonomic}
     bool SegmentedCodeCache                       = true                                      {product} {ergonomic}
   size_t SoftMaxHeapSize                          = 67108864                               {manageable} {ergonomic}
     bool UseCompressedOops                        = true                           {product lp64_product} {ergonomic}
     bool UseG1GC                                  = true                                      {product} {ergonomic}
     bool UseLargePagesIndividualAllocation        = false                                  {pd product} {ergonomic}

Logging:
Log output configuration:
 #0: stdout all=warning uptime,level,tags foldmultilines=false
 #1: stderr all=off uptime,level,tags foldmultilines=false

Environment Variables:
JAVA_HOME=C:/oit/isdev24-byod/amazonjdk21.0.3_9/
_JAVA_OPTIONS=-Dfile.encoding=SHIFT-JIS
PATH=C:\Users\81908\oithomes\isdev\bin;C:\oit\isdev24-byod\gradle-8.10\bin\;C:\oit\isdev24-byod\VSCode-win32-x64-1.92.2\;C:\oit\isdev24-byod\PortableGit-2.42.0-64\mingw64\bin;C:\oit\isdev24-byod\PortableGit-2.42.0-64\usr\local\bin;C:\oit\isdev24-byod\PortableGit-2.42.0-64\usr\bin;C:\oit\isdev24-byod\PortableGit-2.42.0-64\usr\bin;C:\oit\isdev24-byod\PortableGit-2.42.0-64\usr\bin\core_perl;C:\oit\isdev24-byod\PortableGit-2.42.0-64\usr\bin\vendor_perl;C:\oit\isdev24-byod\amazonjdk21.0.3_9\bin\;C:\oit\isdev24-byod\PortableGit-2.42.0-64\usr\bin\vendor_perl;C:\oit\isdev24-byod\PortableGit-2.42.0-64\usr\bin\core_perl
USERNAME=81908
SHELL=C:\oit\isdev24-byod\PortableGit-2.42.0-64\usr\bin\bash.exe
DISPLAY=needs-to-be-defined
LANG=ja_JP.UTF-8
TERM=xterm-256color
TMPDIR=C:\Users\81908\AppData\Local\Temp
OS=Windows_NT
PROCESSOR_IDENTIFIER=Intel64 Family 6 Model 142 Stepping 12, GenuineIntel
TMP=C:\Users\81908\AppData\Local\Temp
TEMP=C:\Users\81908\AppData\Local\Temp




Periodic native trim disabled

---------------  S Y S T E M  ---------------

OS:
 Windows 11 , 64 bit Build 22621 (10.0.22621.4391)
OS uptime: 6 days 4:31 hours
Hyper-V role detected

CPU: total 8 (initial active 8) (4 cores per cpu, 2 threads per core) family 6 model 142 stepping 12 microcode 0xea, cx8, cmov, fxsr, ht, mmx, 3dnowpref, sse, sse2, sse3, ssse3, sse4.1, sse4.2, popcnt, lzcnt, tsc, tscinvbit, avx, avx2, aes, erms, clmul, bmi1, bmi2, adx, fma, vzeroupper, clflush, clflushopt, hv, rdtscp, f16c
Processor Information for all 8 processors :
  Max Mhz: 1800, Current Mhz: 1600, Mhz Limit: 1584

Memory: 4k page, system-wide physical 8037M (26M free)
TotalPageFile size 32613M (AvailPageFile size 2M)
current process WorkingSet (physical memory assigned to process): 78M, peak: 100M
current process commit charge ("private bytes"): 171M, peak: 171M

vm_info: OpenJDK 64-Bit Server VM (21.0.3+9-LTS) for windows-amd64 JRE (21.0.3+9-LTS), built on 2024-04-10T19:10:39Z by "Administrator" with MS VC++ 16.10 / 16.11 (VS2019)

END.
