#
# There is insufficient memory for the Java Runtime Environment to continue.
# Native memory allocation (mmap) failed to map 132120576 bytes. Error detail: G1 virtual space
# Possible reasons:
#   The system is out of physical RAM or swap space
#   This process is running with CompressedOops enabled, and the Java Heap may be blocking the growth of the native heap
# Possible solutions:
#   Reduce memory load on the system
#   Increase physical memory or swap space
#   Check if swap backing store is full
#   Decrease Java heap size (-Xmx/-Xms)
#   Decrease number of Java threads
#   Decrease Java thread stack sizes (-Xss)
#   Set larger code cache with -XX:ReservedCodeCacheSize=
#   JVM is running with Unscaled Compressed Oops mode in which the Java heap is
#     placed in the first 4GB address space. The Java Heap base address is the
#     maximum limit for the native heap growth. Please use -XX:HeapBaseMinAddress
#     to set the Java Heap base and to place the Java Heap above 4GB virtual address.
# This output file may be truncated or incomplete.
#
#  Out of Memory Error (os_windows.cpp:3603), pid=13620, tid=26432
#
# JRE version:  (21.0.3+9) (build )
# Java VM: OpenJDK 64-Bit Server VM (21.0.3+9-LTS, mixed mode, emulated-client, sharing, tiered, compressed oops, compressed class ptrs, g1 gc, windows-amd64)
# No core dump will be written. Minidumps are not enabled by default on client versions of Windows
#

---------------  S U M M A R Y ------------

Command Line: -XX:TieredStopAtLevel=1 -Dfile.encoding=Shift_JIS -Duser.country=JP -Duser.language=ja -Duser.variant -Dfile.encoding=SHIFT-JIS oit.is.hondaken.scheduler.SchedulerApplication

Host: Intel(R) Core(TM) i5-8265U CPU @ 1.60GHz, 8 cores, 7G,  Windows 11 , 64 bit Build 22621 (10.0.22621.4391)
Time: Tue Dec 10 13:42:59 2024  Windows 11 , 64 bit Build 22621 (10.0.22621.4391) elapsed time: 0.015044 seconds (0d 0h 0m 0s)

---------------  T H R E A D  ---------------

Current thread (0x0000013b49cf0ad0):  JavaThread "Unknown thread" [_thread_in_vm, id=26432, stack(0x0000000fa1500000,0x0000000fa1600000) (1024K)]

Stack: [0x0000000fa1500000,0x0000000fa1600000]
Native frames: (J=compiled Java code, j=interpreted, Vv=VM code, C=native code)
V  [jvm.dll+0x6d4fa9]
V  [jvm.dll+0x8b01c3]
V  [jvm.dll+0x8b251e]
V  [jvm.dll+0x8b2c03]
V  [jvm.dll+0x284fb6]
V  [jvm.dll+0x6d1775]
V  [jvm.dll+0x6c5eaa]
V  [jvm.dll+0x35bd0b]
V  [jvm.dll+0x3638b6]
V  [jvm.dll+0x3b4e46]
V  [jvm.dll+0x3b5118]
V  [jvm.dll+0x32f44c]
V  [jvm.dll+0x33013b]
V  [jvm.dll+0x8782b9]
V  [jvm.dll+0x3c2211]
V  [jvm.dll+0x8616e8]
V  [jvm.dll+0x45648e]
V  [jvm.dll+0x458001]
C  [jli.dll+0x52ab]
C  [ucrtbase.dll+0x29333]
C  [KERNEL32.DLL+0x1259d]
C  [ntdll.dll+0x5af38]


---------------  P R O C E S S  ---------------

Threads class SMR info:
_java_thread_list=0x00007ffb8417d008, length=0, elements={
}

Java Threads: ( => current thread )
Total: 0

Other Threads:
  0x0000013b4bfa1570 WorkerThread "GC Thread#0"                     [id=15784, stack(0x0000000fa1600000,0x0000000fa1700000) (1024K)]
  0x0000013b4bfb3250 ConcurrentGCThread "G1 Main Marker"            [id=28412, stack(0x0000000fa1700000,0x0000000fa1800000) (1024K)]
  0x0000013b4bfb44f0 WorkerThread "G1 Conc#0"                       [id=2696, stack(0x0000000fa1800000,0x0000000fa1900000) (1024K)]

[error occurred during error reporting (printing all threads), id 0xc0000005, EXCEPTION_ACCESS_VIOLATION (0xc0000005) at pc=0x00007ffb838825a7]
VM state: not at safepoint (not fully initialized)

VM Mutex/Monitor currently owned by a thread:  ([mutex/lock_event])
[0x00007ffb841f11c8] Heap_lock - owner thread: 0x0000013b49cf0ad0

Heap address: 0x0000000082600000, size: 2010 MB, Compressed Oops mode: 32-bit

CDS archive(s) mapped at: [0x0000000000000000-0x0000000000000000-0x0000000000000000), size 0, SharedBaseAddress: 0x0000000800000000, ArchiveRelocationMode: 1.
Narrow klass base: 0x0000000000000000, Narrow klass shift: 0, Narrow klass range: 0x0

GC Precious Log:
 CardTable entry size: 512
 Card Set container configuration: InlinePtr #cards 5 size 8 Array Of Cards #cards 12 size 40 Howl #buckets 4 coarsen threshold 1843 Howl Bitmap #cards 512 size 80 coarsen threshold 460 Card regions per heap region 1 cards per card region 2048

Heap:
 garbage-first heap   total 0K, used 0K [0x0000000082600000, 0x0000000100000000)
  region size 1024K, 0 young (0K), 0 survivors (0K)

[error occurred during error reporting (printing heap information), id 0xc0000005, EXCEPTION_ACCESS_VIOLATION (0xc0000005) at pc=0x00007ffb83c6e919]
GC Heap History (0 events):
No events

Dll operation events (1 events):
Event: 0.009 Loaded shared library C:\oit\isdev24-byod\amazonjdk21.0.3_9\bin\java.dll

Deoptimization events (0 events):
No events

Classes loaded (0 events):
No events

Classes unloaded (0 events):
No events

Classes redefined (0 events):
No events

Internal exceptions (0 events):
No events

ZGC Phase Switch (0 events):
No events

VM Operations (0 events):
No events

Events (0 events):
No events


Dynamic libraries:
0x00007ff66e320000 - 0x00007ff66e32e000 	C:\oit\isdev24-byod\amazonjdk21.0.3_9\bin\java.exe
0x00007ffcb4dd0000 - 0x00007ffcb4fe7000 	C:\WINDOWS\SYSTEM32\ntdll.dll
0x00007ffcb4990000 - 0x00007ffcb4a54000 	C:\WINDOWS\System32\KERNEL32.DLL
0x00007ffcb2400000 - 0x00007ffcb27b9000 	C:\WINDOWS\System32\KERNELBASE.dll
0x00007ffcb27f0000 - 0x00007ffcb2901000 	C:\WINDOWS\System32\ucrtbase.dll
0x00007ffc73320000 - 0x00007ffc73338000 	C:\oit\isdev24-byod\amazonjdk21.0.3_9\bin\jli.dll
0x00007ffc6ee30000 - 0x00007ffc6ee4b000 	C:\oit\isdev24-byod\amazonjdk21.0.3_9\bin\VCRUNTIME140.dll
0x00007ffcb2cc0000 - 0x00007ffcb2e6e000 	C:\WINDOWS\System32\USER32.dll
0x00007ffcb27c0000 - 0x00007ffcb27e6000 	C:\WINDOWS\System32\win32u.dll
0x00007ffc9b460000 - 0x00007ffc9b6f2000 	C:\WINDOWS\WinSxS\amd64_microsoft.windows.common-controls_6595b64144ccf1df_6.0.22621.4391_none_2715d37f73803e96\COMCTL32.dll
0x00007ffcb44e0000 - 0x00007ffcb4509000 	C:\WINDOWS\System32\GDI32.dll
0x00007ffcb4b70000 - 0x00007ffcb4c17000 	C:\WINDOWS\System32\msvcrt.dll
0x00007ffcb20d0000 - 0x00007ffcb21eb000 	C:\WINDOWS\System32\gdi32full.dll
0x00007ffcb22b0000 - 0x00007ffcb234a000 	C:\WINDOWS\System32\msvcp_win.dll
0x00007ffcb38c0000 - 0x00007ffcb38f1000 	C:\WINDOWS\System32\IMM32.DLL
0x00007ffc9a620000 - 0x00007ffc9a62c000 	C:\oit\isdev24-byod\amazonjdk21.0.3_9\bin\vcruntime140_1.dll
0x00007ffc27fe0000 - 0x00007ffc2806d000 	C:\oit\isdev24-byod\amazonjdk21.0.3_9\bin\msvcp140.dll
0x00007ffb83540000 - 0x00007ffb842d1000 	C:\oit\isdev24-byod\amazonjdk21.0.3_9\bin\server\jvm.dll
0x00007ffcb4030000 - 0x00007ffcb40e2000 	C:\WINDOWS\System32\ADVAPI32.dll
0x00007ffcb4a60000 - 0x00007ffcb4b07000 	C:\WINDOWS\System32\sechost.dll
0x00007ffcb2350000 - 0x00007ffcb2378000 	C:\WINDOWS\System32\bcrypt.dll
0x00007ffcb4310000 - 0x00007ffcb4424000 	C:\WINDOWS\System32\RPCRT4.dll
0x00007ffcb3920000 - 0x00007ffcb3991000 	C:\WINDOWS\System32\WS2_32.dll
0x00007ffcb0f20000 - 0x00007ffcb0f6d000 	C:\WINDOWS\SYSTEM32\POWRPROF.dll
0x00007ffca6070000 - 0x00007ffca60a4000 	C:\WINDOWS\SYSTEM32\WINMM.dll
0x00007ffca5fb0000 - 0x00007ffca5fba000 	C:\WINDOWS\SYSTEM32\VERSION.dll
0x00007ffcb0f00000 - 0x00007ffcb0f13000 	C:\WINDOWS\SYSTEM32\UMPDC.dll
0x00007ffcb11c0000 - 0x00007ffcb11d8000 	C:\WINDOWS\SYSTEM32\kernel.appcore.dll
0x00007ffc998c0000 - 0x00007ffc998ca000 	C:\oit\isdev24-byod\amazonjdk21.0.3_9\bin\jimage.dll
0x00007ffcaf990000 - 0x00007ffcafbc2000 	C:\WINDOWS\SYSTEM32\DBGHELP.DLL
0x00007ffcb3aa0000 - 0x00007ffcb3e2f000 	C:\WINDOWS\System32\combase.dll
0x00007ffcb2bd0000 - 0x00007ffcb2ca7000 	C:\WINDOWS\System32\OLEAUT32.dll
0x00007ffc885b0000 - 0x00007ffc885e2000 	C:\WINDOWS\SYSTEM32\dbgcore.DLL
0x00007ffcb2380000 - 0x00007ffcb23fb000 	C:\WINDOWS\System32\bcryptPrimitives.dll
0x00007ffc6e650000 - 0x00007ffc6e66f000 	C:\oit\isdev24-byod\amazonjdk21.0.3_9\bin\java.dll

dbghelp: loaded successfully - version: 4.0.5 - missing functions: none
symbol engine: initialized successfully - sym options: 0x614 - pdb path: .;C:\oit\isdev24-byod\amazonjdk21.0.3_9\bin;C:\WINDOWS\SYSTEM32;C:\WINDOWS\WinSxS\amd64_microsoft.windows.common-controls_6595b64144ccf1df_6.0.22621.4391_none_2715d37f73803e96;C:\oit\isdev24-byod\amazonjdk21.0.3_9\bin\server

VM Arguments:
jvm_args: -XX:TieredStopAtLevel=1 -Dfile.encoding=Shift_JIS -Duser.country=JP -Duser.language=ja -Duser.variant -Dfile.encoding=SHIFT-JIS 
java_command: oit.is.hondaken.scheduler.SchedulerApplication
java_class_path (initial): C:\Users\81908\oithomes\isdev\kadai\isdev24\scheduler\build\classes\java\main;C:\Users\81908\oithomes\isdev\kadai\isdev24\scheduler\build\resources\main;C:\Users\81908\.gradle\caches\modules-2\files-2.1\org.mybatis.spring.boot\mybatis-spring-boot-starter\3.0.3\19528356bf8bad2be5f8bf796dfc30bcc4996054\mybatis-spring-boot-starter-3.0.3.jar;C:\Users\81908\.gradle\caches\modules-2\files-2.1\org.thymeleaf.extras\thymeleaf-extras-springsecurity6\3.1.2.RELEASE\574c188eb147191e2f162419e9fc780fcf3256d7\thymeleaf-extras-springsecurity6-3.1.2.RELEASE.jar;C:\Users\81908\.gradle\caches\modules-2\files-2.1\org.webjars\jquery\2.0.3\6a45c407472a59b425362f3d1507bc1530f6d6d4\jquery-2.0.3.jar;C:\Users\81908\.gradle\caches\modules-2\files-2.1\org.webjars.bower\fullcalendar\3.5.1\5e793a9e607807574cc97b54846a0760b8703c67\fullcalendar-3.5.1.jar;C:\Users\81908\.gradle\caches\modules-2\files-2.1\org.webjars.bower\moment\2.19.1\af68d716c75dda35621e145085b488f89e941286\moment-2.19.1.jar;C:\Users\81908\.gradle\caches\modules-2\files-2.1\com.h2database\h2\2.2.224\7bdade27d8cd197d9b5ce9dc251f41d2edc5f7ad\h2-2.2.224.jar;C:\Users\81908\.gradle\caches\modules-2\files-2.1\org.springframework.security\spring-security-config\6.3.4\ef05a0653492b58f3cfb11f5ee4b69007e259f57\spring-security-config-6.3.4.jar;C:\Users\81908\.gradle\caches\modules-2\files-2.1\org.springframework.security\spring-security-web\6.3.4\d0b9e554c0cc3291086a53e3537935b820d82742\spring-security-web-6.3.4.jar;C:\Users\81908\.gradle\caches\modules-2\files-2.1\org.springframework\spring-webmvc\6.1.14\804478303aac6f91ea566efd4fef3dc06380528a\spring-webmvc-6.1.14.jar;C:\Users\81908\.gradle\caches\modules-2\files-2.1\org.springframework.security\spring-security-core\6.3.4\b090f940b1db00f58f5cad0675ce82670cc75904\spring-security-core-6.3.4.jar;C:\Users\81908\.gradle\caches\modules-2\files-2.1\org.springframework\spring-context-support\6.1.14\30325fd71a58ebc5ba36f53800d0c910badf1a6\spring-context-support-6.1.14.jar;C:\Users\81908\.gradle\caches\modules-2\files-2.1\org.mybatis.spring.boot\mybatis-spring-boot-autoconfigure\3.0.3\b73a2effa4f60a2eeca98aa12ea3437faede0f73\mybatis-spring-boot-autoconfigure-3.0.3.jar;C:\Users\81908\.gradle\caches\modules-2\files-2.1\org.springframework.boot\spring-boot-autoconfigure\3.3.5\1efbbd46eeef054986796200313f4bb0d53a7268\spring-boot-autoconfigure-3.3.5.jar;C:\Users\81908\.gradle\caches\modules-2\files-2.1\org.springframework.boot\spring-boot\3.3.5\1a0d1dc425d445503bd01c9aa3683aaebc524e3b\spring-boot-3.3.5.jar;C:\Users\81908\.gradle\caches\modules-2\files-2.1\org.springframework\spring-context\6.1.14\b3d96fb4310376a608465c3544b7cfb790293787\spring-context-6.1.14.jar;C:\Users\81908\.gradle\caches\modules-2\files-2.1\org.springframework\spring-aop\6.1.14\3d5002d4c415c1ff4720f214c804d3d7e7d10111\spring-aop-6.1.14.jar;C:\Users\81908\.gradle\caches\modules-2\files-2.1\org.thymeleaf\thymeleaf-spring6\3.1.2.RELEASE\6030c7b4e260c41336f378e53da6e8531263f24b\thymeleaf-spring6-3.1.2.RELEASE.jar;C:\Users\81908\.gradle\caches\modules-2\files-2.1\org.springframework\spring-web\6.1.14\b45eaad7df4f37ce224acdcb555a6a3dd5c246b2\spring-web-6.1.14.jar;C:\Users\81908\.gradle\caches\modules-2\files-2.1\org.mybatis\mybatis\3.5.14\d94d2267d1caf1c31748123e671dcea5ad1a6f8\mybatis-3.5.14.jar;C:\Users\81908\.gradle\caches\modules-2\files-2.1\org.mybatis\mybatis-spring\3.0.3\5a4ab31bfb62bca615b39ade93de2a607e9b9403\mybatis-spring-3.0.3.jar;C:\Users\81908\.gradle\caches\modules-2\files-2.1\org.thymeleaf\thymeleaf\3.1.2.RELEASE\273997509a4c7aef86cee0521750140c587d9be2\thymeleaf-3.1.2.RELEASE.jar;C:\Users\81908\.gradle\caches\modules-2\files-2.1\com.zaxxer\HikariCP\5.1.0\8c96e36c14461fc436bb02b264b96ef3ca5dca8c\HikariCP-5.1.0.jar;C:\Users\81908\.gradle\caches\modules-2\files-2.1\ch.qos.logback\logback-classic\1.5.11\c4473fb51fea6682ad477cf3c2206b8b9623b9d8\logback-classic-1.5.11.jar;C:\Users\81908\.gradle\caches\modules-2\files-2.1\org.apache.logging.log4j\log4j-to-slf4j\2.23.1\425ad1eb8a39904d2830e907a324e956fb456520\log4j-to-slf4j-2.23.1.jar;C:\Users\81908\.gradle\caches\modules-2\files-2.1\org.slf4j\jul-to-slf4j\2.0.16\6d57da3e961daac65bcca0dd3def6cd11e48a24a\jul-to-slf4j-2.0.16.jar;C:\Users\81908\.gradle\caches\modules-2\files-2.1\org.slf4j\slf4j-api\2.0.16\172931663a09a1fa515567af5fbef00897d3c04\slf4j-api-2.0.16.jar;C:\Users\81908\.gradle\caches\modules-2\files-2.1\org.webjars.bower\jquery\3.7.1\ac3c31bd426ccabb095a852855b670b6a129af39\jquery-3.7.1.jar;C:\Users\81908\.gradle\caches\modules-2\files-2.1\org.eclipse.angus\jakarta.mail\2.0.3\3dea6aeee9603f573687b0d4da5dc1316d921bb7\jakarta.mail-2.0.3.jar;C:\Users\81908\.gradle\caches\modules-2\files-2.1\jakarta.annotation\jakarta.annotation-api\2.1.1\48b9bda22b091b1f48b13af03fe36db3be6e1ae3\jakarta.annotation-api-2.1.1.jar;C:\Users\81908\.gradle\caches\modules-2\files-2.1\org.springframework\spring-jdbc\6.1.14\30ecdc7b9031553835ae16fa786fb24297adc857\spring-jdbc-6.1.14.jar;C:\Users\81908\.gradle\caches\modules-2\files-2.1\org.springframework\spring-tx\6.1.14\f6cc1a08472e8ac51298a26bbe0f8b3d47d43175\spring-tx-6.1.14.jar;C:\Users\81908\.gradle\caches\modules-2\files-2.1\org.springframework\spring-beans\6.1.14\be71b919145e20fb7f38c81467d7d0f1c09ad1bd\spring-beans-6.1.14.jar;C:\Users\81908\.gradle\caches\modules-2\files-2.1\org.springframework\spring-expression\6.1.14\495646d4968fb90aa97bc05a7d298d0c32898a1d\spring-expression-6.1.14.jar;C:\Users\81908\.gradle\caches\modules-2\files-2.1\org.springframework\spring-core\6.1.14\45d2d808015bf6c5411e457fa09e843042dc3a76\spring-core-6.1.14.jar;C:\Users\81908\.gradle\caches\modules-2\files-2.1\org.yaml\snakeyaml\2.2\3af797a25458550a16bf89acc8e4ab2b7f2bfce0\snakeyaml-2.2.jar;C:\Users\81908\.gradle\caches\modules-2\files-2.1\com.fasterxml.jackson.datatype\jackson-datatype-jsr310\2.17.2\267b85e9ba2892a37be6d80aa9ca1438a0d8c210\jackson-datatype-jsr310-2.17.2.jar;C:\Users\81908\.gradle\caches\modules-2\files-2.1\com.fasterxml.jackson.module\jackson-module-parameter-names\2.17.2\d27b9f95ccce98984c1ba58d61c5a9c072b1ad95\jackson-module-parameter-names-2.17.2.jar;C:\Users\81908\.gradle\caches\modules-2\files-2.1\com.fasterxml.jackson.core\jackson-annotations\2.17.2\147b7b9412ffff24339f8aba080b292448e08698\jackson-annotations-2.17.2.jar;C:\Users\81908\.gradle\caches\modules-2\files-2.1\com.fasterxml.jackson.core\jackson-core\2.17.2\969a35cb35c86512acbadcdbbbfb044c877db814\jackson-core-2.17.2.jar;C:\Users\81908\.gradle\caches\modules-2\files-2.1\com.fasterxml.jackson.datatype\jackson-datatype-jdk8\2.17.2\efd3dd0e1d0db8bc72abbe71c15e697bb83b4b45\jackson-datatype-jdk8-2.17.2.jar;C:\Users\81908\.gradle\caches\modules-2\files-2.1\com.fasterxml.jackson.core\jackson-databind\2.17.2\e6deb029e5901e027c129341fac39e515066b68c\jackson-databind-2.17.2.jar;C:\Users\81908\.gradle\caches\modules-2\files-2.1\org.apache.tomcat.embed\tomcat-embed-websocket\10.1.31\6f755a475e44ece496ae3402de0c6c2dbea63921\tomcat-embed-websocket-10.1.31.jar;C:\Users\81908\.gradle\caches\modules-2\files-2.1\org.apache.tomcat.embed\tomcat-embed-core\10.1.31\a91cc0a95157228d9cccb1a9e8fb9c77c048c937\tomcat-embed-core-10.1.31.jar;C:\Users\81908\.gradle\caches\modules-2\files-2.1\org.apache.tomcat.embed\tomcat-embed-el\10.1.31\ab21108d69bb42160eff7b905f606a1d0c21ae67\tomcat-embed-el-10.1.31.jar;C:\Users\81908\.gradle\caches\modules-2\files-2.1\io.micrometer\micrometer-observation\1.13.6\8650b5372db17587f1271cd130beafa93d7eb573\micrometer-observation-1.13.6.jar;C:\Users\81908\.gradle\caches\modules-2\files-2.1\org.eclipse.angus\angus-activation\2.0.2\41f1e0ddd157c856926ed149ab837d110955a9fc\angus-activation-2.0.2.jar;C:\Users\81908\.gradle\caches\modules-2\files-2.1\jakarta.activation\jakarta.activation-api\2.1.3\fa165bd70cda600368eee31555222776a46b881f\jakarta.activation-api-2.1.3.jar;C:\Users\81908\.gradle\caches\modules-2\files-2.1\org.springframework\spring-jcl\6.1.14\842b2b24a375efd79af436860d22ba4e0082ff4b\spring-jcl-6.1.14.jar;C:\Users\81908\.gradle\caches\modules-2\files-2.1\org.springframework.security\spring-security-crypto\6.3.4\220656844844c23d07e8f0105e75c74530db2657\spring-security-crypto-6.3.4.jar;C:\Users\81908\.gradle\caches\modules-2\files-2.1\org.attoparser\attoparser\2.0.7.RELEASE\e5d0e988d9124139d645bb5872b24dfa23e283cc\attoparser-2.0.7.RELEASE.jar;C:\Users\81908\.gradle\caches\modules-2\files-2.1\org.unbescape\unbescape\1.1.6.RELEASE\7b90360afb2b860e09e8347112800d12c12b2a13\unbescape-1.1.6.RELEASE.jar;C:\Users\81908\.gradle\caches\modules-2\files-2.1\io.micrometer\micrometer-commons\1.13.6\224f398df08315a8f9cda21fcb4f062d24da4a49\micrometer-commons-1.13.6.jar;C:\Users\81908\.gradle\caches\modules-2\files-2.1\ch.qos.logback\logback-core\1.5.11\727bdb8dc75b6c392f9be56224503948abc248e8\logback-core-1.5.11.jar;C:\Users\81908\.gradle\caches\modules-2\files-2.1\org.apache.logging.log4j\log4j-api\2.23.1\9c15c29c526d9c6783049c0a77722693c66706e1\log4j-api-2.23.1.jar
Launcher Type: SUN_STANDARD

[Global flags]
     intx CICompilerCount                          = 4                                         {product} {ergonomic}
     uint ConcGCThreads                            = 2                                         {product} {ergonomic}
     uint G1ConcRefinementThreads                  = 8                                         {product} {ergonomic}
   size_t G1HeapRegionSize                         = 1048576                                   {product} {ergonomic}
    uintx GCDrainStackTargetSize                   = 64                                        {product} {ergonomic}
   size_t InitialHeapSize                          = 132120576                                 {product} {ergonomic}
   size_t MarkStackSize                            = 4194304                                   {product} {ergonomic}
   size_t MaxHeapSize                              = 2107637760                                {product} {ergonomic}
   size_t MinHeapDeltaBytes                        = 1048576                                   {product} {ergonomic}
   size_t MinHeapSize                              = 8388608                                   {product} {ergonomic}
    uintx NonNMethodCodeHeapSize                   = 4096                                   {pd product} {ergonomic}
    uintx NonProfiledCodeHeapSize                  = 0                                      {pd product} {ergonomic}
     bool ProfileInterpreter                       = false                                  {pd product} {command line}
    uintx ProfiledCodeHeapSize                     = 0                                      {pd product} {ergonomic}
   size_t SoftMaxHeapSize                          = 2107637760                             {manageable} {ergonomic}
     intx TieredStopAtLevel                        = 1                                         {product} {command line}
     bool UseCompressedOops                        = true                           {product lp64_product} {ergonomic}
     bool UseG1GC                                  = true                                      {product} {ergonomic}
     bool UseLargePagesIndividualAllocation        = false                                  {pd product} {ergonomic}

Logging:
Log output configuration:
 #0: stdout all=warning uptime,level,tags foldmultilines=false
 #1: stderr all=off uptime,level,tags foldmultilines=false

Environment Variables:
JAVA_HOME=C:/oit/isdev24-byod/amazonjdk21.0.3_9/
_JAVA_OPTIONS=-Dfile.encoding=SHIFT-JIS
PATH=C:\Users\81908\oithomes\isdev\bin;C:\oit\isdev24-byod\gradle-8.10\bin\;C:\oit\isdev24-byod\VSCode-win32-x64-1.92.2\;C:\oit\isdev24-byod\PortableGit-2.42.0-64\mingw64\bin;C:\oit\isdev24-byod\PortableGit-2.42.0-64\usr\local\bin;C:\oit\isdev24-byod\PortableGit-2.42.0-64\usr\bin;C:\oit\isdev24-byod\PortableGit-2.42.0-64\usr\bin;C:\oit\isdev24-byod\PortableGit-2.42.0-64\usr\bin\core_perl;C:\oit\isdev24-byod\PortableGit-2.42.0-64\usr\bin\vendor_perl;C:\oit\isdev24-byod\amazonjdk21.0.3_9\bin\;C:\oit\isdev24-byod\PortableGit-2.42.0-64\usr\bin\vendor_perl;C:\oit\isdev24-byod\PortableGit-2.42.0-64\usr\bin\core_perl
USERNAME=81908
SHELL=C:\oit\isdev24-byod\PortableGit-2.42.0-64\usr\bin\bash.exe
DISPLAY=needs-to-be-defined
LANG=ja_JP.UTF-8
TERM=xterm-256color
TMPDIR=C:\Users\81908\AppData\Local\Temp
OS=Windows_NT
PROCESSOR_IDENTIFIER=Intel64 Family 6 Model 142 Stepping 12, GenuineIntel
TMP=C:\Users\81908\AppData\Local\Temp
TEMP=C:\Users\81908\AppData\Local\Temp




Periodic native trim disabled

---------------  S Y S T E M  ---------------

OS:
 Windows 11 , 64 bit Build 22621 (10.0.22621.4391)
OS uptime: 6 days 4:26 hours
Hyper-V role detected

CPU: total 8 (initial active 8) (4 cores per cpu, 2 threads per core) family 6 model 142 stepping 12 microcode 0xea, cx8, cmov, fxsr, ht, mmx, 3dnowpref, sse, sse2, sse3, ssse3, sse4.1, sse4.2, popcnt, lzcnt, tsc, tscinvbit, avx, avx2, aes, erms, clmul, bmi1, bmi2, adx, fma, vzeroupper, clflush, clflushopt, hv, rdtscp, f16c
Processor Information for all 8 processors :
  Max Mhz: 1800, Current Mhz: 1600, Mhz Limit: 1584

Memory: 4k page, system-wide physical 8037M (171M free)
TotalPageFile size 32613M (AvailPageFile size 82M)
current process WorkingSet (physical memory assigned to process): 11M, peak: 11M
current process commit charge ("private bytes"): 55M, peak: 181M

vm_info: OpenJDK 64-Bit Server VM (21.0.3+9-LTS) for windows-amd64 JRE (21.0.3+9-LTS), built on 2024-04-10T19:10:39Z by "Administrator" with MS VC++ 16.10 / 16.11 (VS2019)

END.
